#
# A fatal error has been detected by the Java Runtime Environment:
#
#  EXCEPTION_ACCESS_VIOLATION (0xc0000005) at pc=0xffffffffa4635120, pid=4840, tid=0x000000000000143c
#
# JRE version: OpenJDK Runtime Environment (8.0_112-b06) (build 1.8.0_112-release-b06)
# Java VM: OpenJDK 64-Bit Server VM (25.112-b06 mixed mode windows-amd64 compressed oops)
# Problematic frame:
# C  0xffffffffa4635120
#
# Failed to write core dump. Minidumps are not enabled by default on client versions of Windows
#
# If you would like to submit a bug report, please visit:
#   http://bugreport.java.com/bugreport/crash.jsp
#

---------------  T H R E A D  ---------------

Current thread (0x000000005894e800):  JavaThread "Daemon worker" [_thread_in_Java, id=5180, stack(0x0000000059d90000,0x0000000059e90000)]

siginfo: ExceptionCode=0xc0000005, ExceptionInformation=0x0000000000000008 0xffffffffa4635120

Registers:
RAX=0x0000000015f5fc28, RBX=0x0000000060b17548, RCX=0x00000000e5314540, RDX=0x00000000a8b686c8
RSP=0x0000000059e8bad8, RBP=0x0000000000000000, RSI=0x0000000060b99d68, RDI=0x00000000e5314540
R8 =0x00000000a8b582b0, R9 =0x00000000a8b68688, R10=0x0000000015f6b7a0, R11=0x00000000a8b686c8
R12=0x0000000000000000, R13=0x0000000000000128, R14=0x00000000000010d4, R15=0x000000005894e800
RIP=0xffffffffa4635120, EFLAGS=0x0000000000010297

Top of Stack: (sp=0x0000000059e8bad8)
0x0000000059e8bad8:   00000000041e23a4 00000000e5314540
0x0000000059e8bae8:   00000000e5305468 00000000e5314540
0x0000000059e8baf8:   0000000000000000 00000000a8b582b0
0x0000000059e8bb08:   00000000a8b68688 00000000e5314540
0x0000000059e8bb18:   00000000a5385900 0000000000000000
0x0000000059e8bb28:   0000000004331698 0000000000000005
0x0000000059e8bb38:   00000000043324f4 0000000059e8bd08
0x0000000059e8bb48:   00000000a8b582b0 00000000a8b68688
0x0000000059e8bb58:   0000000000000000 0000000059e8bd08
0x0000000059e8bb68:   000000000437e9f8 00000000a3d42368
0x0000000059e8bb78:   00000000a8b6acd0 0000000000000005
0x0000000059e8bb88:   00000000041e0188 00000000a8b582b0
0x0000000059e8bb98:   0000000059e8bbc0 00000000e5305468
0x0000000059e8bba8:   00000000e5305468 00000000e5314540
0x0000000059e8bbb8:   0000000015e99aa8 0000000059e8bd08
0x0000000059e8bbc8:   0000000004333164 ffffffffffffffff 

Instructions: (pc=0xffffffffa4635120)
0xffffffffa4635100:   
[error occurred during error reporting (printing registers, top of stack, instructions near pc), id 0xc0000005]

Register to memory mapping:

RAX=0x0000000015f5fc28 is pointing into metadata
RBX={method} {0x0000000060b17550} 'accept' '(Lproguard/classfile/Clazz;Lproguard/classfile/Field;Lproguard/classfile/attribute/visitor/AttributeVisitor;)V' in 'proguard/classfile/attribute/SignatureAttribute'
RCX=0x00000000e5314540 is an oop
proguard.classfile.attribute.annotation.visitor.AllElementValueVisitor 
 - klass: 'proguard/classfile/attribute/annotation/visitor/AllElementValueVisitor'
RDX=0x00000000a8b686c8 is an oop
proguard.classfile.attribute.SignatureAttribute 
 - klass: 'proguard/classfile/attribute/SignatureAttribute'
RSP=0x0000000059e8bad8 is pointing into the stack for thread: 0x000000005894e800
RBP=0x0000000000000000 is an unknown value
RSI=0x0000000060b99d68 is pointing into metadata
RDI=0x00000000e5314540 is an oop
proguard.classfile.attribute.annotation.visitor.AllElementValueVisitor 
 - klass: 'proguard/classfile/attribute/annotation/visitor/AllElementValueVisitor'
R8 =0x00000000a8b582b0 is an oop
proguard.classfile.ProgramClass 
 - klass: 'proguard/classfile/ProgramClass'
R9 =0x00000000a8b68688 is an oop
proguard.classfile.ProgramField 
 - klass: 'proguard/classfile/ProgramField'
R10=0x0000000015f6b7a0 is pointing into metadata
R11=0x00000000a8b686c8 is an oop
proguard.classfile.attribute.SignatureAttribute 
 - klass: 'proguard/classfile/attribute/SignatureAttribute'
R12=0x0000000000000000 is an unknown value
R13=0x0000000000000128 is an unknown value
R14=0x00000000000010d4 is an unknown value
R15=0x000000005894e800 is a thread


Stack: [0x0000000059d90000,0x0000000059e90000],  sp=0x0000000059e8bad8,  free space=1006k
Native frames: (J=compiled Java code, j=interpreted, Vv=VM code, C=native code)


---------------  P R O C E S S  ---------------

Java Threads: ( => current thread )
  0x0000000058752000 JavaThread "Cache update executor" [_thread_blocked, id=3228, stack(0x00000000604b0000,0x00000000605b0000)]
  0x000000005abdd000 JavaThread "Stdin handler" [_thread_blocked, id=3712, stack(0x000000005a1a0000,0x000000005a2a0000)]
  0x000000005abdc000 JavaThread "Asynchronous log dispatcher for DefaultDaemonConnection: socket connection from /127.0.0.1:58878 to /127.0.0.1:58894" [_thread_blocked, id=4948, stack(0x0000000060040000,0x0000000060140000)]
  0x000000005abd9000 JavaThread "Cancel handler" [_thread_blocked, id=5664, stack(0x000000005fbe0000,0x000000005fce0000)]
  0x000000005abdb800 JavaThread "Handler for socket connection from /127.0.0.1:58878 to /127.0.0.1:58894" [_thread_in_native, id=4640, stack(0x00000000599f0000,0x0000000059af0000)]
  0x000000005abda800 JavaThread "pool-2-thread-1" [_thread_blocked, id=5404, stack(0x000000005b6a0000,0x000000005b7a0000)]
  0x0000000058ad9800 JavaThread "File lock request listener" [_thread_in_native, id=2160, stack(0x000000005b5a0000,0x000000005b6a0000)]
=>0x000000005894e800 JavaThread "Daemon worker" [_thread_in_Java, id=5180, stack(0x0000000059d90000,0x0000000059e90000)]
  0x0000000058947800 JavaThread "pool-1-thread-1" [_thread_blocked, id=604, stack(0x0000000059f20000,0x000000005a020000)]
  0x0000000058689800 JavaThread "Daemon" [_thread_blocked, id=4884, stack(0x00000000598b0000,0x00000000599b0000)]
  0x00000000585e5000 JavaThread "Incoming local TCP Connector on port 58878" [_thread_in_native, id=5876, stack(0x00000000596b0000,0x00000000597b0000)]
  0x0000000056078800 JavaThread "Service Thread" daemon [_thread_blocked, id=4252, stack(0x0000000056d40000,0x0000000056e40000)]
  0x0000000056071800 JavaThread "C1 CompilerThread1" daemon [_thread_blocked, id=3244, stack(0x0000000057420000,0x0000000057520000)]
  0x0000000056011000 JavaThread "C2 CompilerThread0" daemon [_thread_blocked, id=5464, stack(0x0000000057280000,0x0000000057380000)]
  0x0000000056022000 JavaThread "Attach Listener" daemon [_thread_blocked, id=2220, stack(0x0000000057150000,0x0000000057250000)]
  0x0000000056020800 JavaThread "Signal Dispatcher" daemon [_thread_blocked, id=4732, stack(0x0000000056fa0000,0x00000000570a0000)]
  0x0000000055ffc000 JavaThread "Finalizer" daemon [_thread_blocked, id=4584, stack(0x0000000056e40000,0x0000000056f40000)]
  0x0000000055fb3000 JavaThread "Reference Handler" daemon [_thread_blocked, id=3544, stack(0x0000000056bd0000,0x0000000056cd0000)]
  0x000000000211d800 JavaThread "main" [_thread_blocked, id=5880, stack(0x0000000002160000,0x0000000002260000)]

Other Threads:
  0x0000000055fab000 VMThread [stack: 0x0000000056980000,0x0000000056a80000] [id=5004]
  0x0000000057540800 WatcherThread [stack: 0x0000000057950000,0x0000000057a50000] [id=960]

VM state:not at safepoint (normal execution)

VM Mutex/Monitor currently owned by a thread: None

Heap:
 PSYoungGen      total 321024K, used 111683K [0x00000000e0000000, 0x00000000f9080000, 0x0000000100000000)
  eden space 274944K, 33% used [0x00000000e0000000,0x00000000e58a8cf8,0x00000000f0c80000)
  from space 46080K, 45% used [0x00000000f6380000,0x00000000f77e8000,0x00000000f9080000)
  to   space 67584K, 0% used [0x00000000f0c80000,0x00000000f0c80000,0x00000000f4e80000)
 ParOldGen       total 252928K, used 170269K [0x00000000a0000000, 0x00000000af700000, 0x00000000e0000000)
  object space 252928K, 67% used [0x00000000a0000000,0x00000000aa6476b0,0x00000000af700000)
 Metaspace       used 65863K, capacity 68502K, committed 68608K, reserved 1107968K
  class space    used 8550K, capacity 9189K, committed 9216K, reserved 1048576K

Card table byte_map: [0x00000000119f0000,0x0000000011d00000] byte_map_base: 0x00000000114f0000

Marking Bits: (ParMarkBitMap*) 0x0000000063a618f0
 Begin Bits: [0x0000000012380000, 0x0000000013b80000)
 End Bits:   [0x0000000013b80000, 0x0000000015380000)

Polling page: 0x0000000000230000

CodeCache: size=245760Kb used=38533Kb max_used=38925Kb free=207226Kb
 bounds [0x0000000002630000, 0x0000000004c60000, 0x0000000011630000]
 total_blobs=12738 nmethods=11957 adapters=693
 compilation: enabled

Compilation events (10 events):
Event: 113.144 Thread 0x0000000056071800 nmethod 14056 0x000000000389d4d0 code [0x000000000389d640, 0x000000000389d968]
Event: 113.146 Thread 0x0000000056011000 nmethod 14053 0x000000000389bc90 code [0x000000000389bde0, 0x000000000389beb8]
Event: 113.146 Thread 0x0000000056011000 14052       4       proguard.classfile.util.SimplifiedVisitor::visitSignatureAttribute (8 bytes)
Event: 113.146 Thread 0x0000000056071800 14057       3       proguard.classfile.attribute.annotation.visitor.AllElementValueVisitor::visitRuntimeInvisibleAnnotationsAttribute (8 bytes)
Event: 113.147 Thread 0x0000000056011000 nmethod 14052 0x0000000004331fd0 code [0x0000000004332100, 0x0000000004332178]
Event: 113.147 Thread 0x0000000056071800 nmethod 14057 0x000000000389cbd0 code [0x000000000389cd60, 0x000000000389d1c8]
Event: 113.147 Thread 0x0000000056071800 14058       3       proguard.classfile.attribute.annotation.visitor.AllElementValueVisitor::visitRuntimeVisibleAnnotationsAttribute (7 bytes)
Event: 113.148 Thread 0x0000000056071800 nmethod 14058 0x000000000389c310 code [0x000000000389c4a0, 0x000000000389c8e8]
Event: 113.148 Thread 0x0000000056011000 14059       4       proguard.classfile.attribute.SignatureAttribute::accept (10 bytes)
Event: 113.149 Thread 0x0000000056011000 nmethod 14059 0x000000000389c0d0 code [0x000000000389c200, 0x000000000389c278]

GC Heap History (10 events):
Event: 99.247 GC heap before
{Heap before GC invocations=23 (full 4):
 PSYoungGen      total 235520K, used 30189K [0x00000000e0000000, 0x00000000f4780000, 0x0000000100000000)
  eden space 205312K, 0% used [0x00000000e0000000,0x00000000e0000000,0x00000000ec880000)
  from space 30208K, 99% used [0x00000000ec880000,0x00000000ee5fb730,0x00000000ee600000)
  to   space 46080K, 0% used [0x00000000f1a80000,0x00000000f1a80000,0x00000000f4780000)
 ParOldGen       total 98304K, used 91471K [0x00000000a0000000, 0x00000000a6000000, 0x00000000e0000000)
  object space 98304K, 93% used [0x00000000a0000000,0x00000000a5953df8,0x00000000a6000000)
 Metaspace       used 64494K, capacity 67208K, committed 67456K, reserved 1107968K
  class space    used 8377K, capacity 8994K, committed 9088K, reserved 1048576K
Event: 99.841 GC heap after
Heap after GC invocations=23 (full 4):
 PSYoungGen      total 235520K, used 0K [0x00000000e0000000, 0x00000000f4780000, 0x0000000100000000)
  eden space 205312K, 0% used [0x00000000e0000000,0x00000000e0000000,0x00000000ec880000)
  from space 30208K, 0% used [0x00000000ec880000,0x00000000ec880000,0x00000000ee600000)
  to   space 46080K, 0% used [0x00000000f1a80000,0x00000000f1a80000,0x00000000f4780000)
 ParOldGen       total 154624K, used 80787K [0x00000000a0000000, 0x00000000a9700000, 0x00000000e0000000)
  object space 154624K, 52% used [0x00000000a0000000,0x00000000a4ee4cf8,0x00000000a9700000)
 Metaspace       used 64494K, capacity 67208K, committed 67456K, reserved 1107968K
  class space    used 8377K, capacity 8994K, committed 9088K, reserved 1048576K
}
Event: 107.321 GC heap before
{Heap before GC invocations=24 (full 4):
 PSYoungGen      total 235520K, used 205312K [0x00000000e0000000, 0x00000000f4780000, 0x0000000100000000)
  eden space 205312K, 100% used [0x00000000e0000000,0x00000000ec880000,0x00000000ec880000)
  from space 30208K, 0% used [0x00000000ec880000,0x00000000ec880000,0x00000000ee600000)
  to   space 46080K, 0% used [0x00000000f1a80000,0x00000000f1a80000,0x00000000f4780000)
 ParOldGen       total 154624K, used 80787K [0x00000000a0000000, 0x00000000a9700000, 0x00000000e0000000)
  object space 154624K, 52% used [0x00000000a0000000,0x00000000a4ee4cf8,0x00000000a9700000)
 Metaspace       used 65555K, capacity 68214K, committed 68352K, reserved 1107968K
  class space    used 8511K, capacity 9157K, committed 9216K, reserved 1048576K
Event: 107.589 GC heap after
Heap after GC invocations=24 (full 4):
 PSYoungGen      total 270336K, used 46080K [0x00000000e0000000, 0x00000000f7180000, 0x0000000100000000)
  eden space 224256K, 0% used [0x00000000e0000000,0x00000000e0000000,0x00000000edb00000)
  from space 46080K, 100% used [0x00000000f1a80000,0x00000000f4780000,0x00000000f4780000)
  to   space 65024K, 0% used [0x00000000edb00000,0x00000000edb00000,0x00000000f1a80000)
 ParOldGen       total 154624K, used 111062K [0x00000000a0000000, 0x00000000a9700000, 0x00000000e0000000)
  object space 154624K, 71% used [0x00000000a0000000,0x00000000a6c75a88,0x00000000a9700000)
 Metaspace       used 65555K, capacity 68214K, committed 68352K, reserved 1107968K
  class space    used 8511K, capacity 9157K, committed 9216K, reserved 1048576K
}
Event: 109.252 GC heap before
{Heap before GC invocations=25 (full 4):
 PSYoungGen      total 270336K, used 270336K [0x00000000e0000000, 0x00000000f7180000, 0x0000000100000000)
  eden space 224256K, 100% used [0x00000000e0000000,0x00000000edb00000,0x00000000edb00000)
  from space 46080K, 100% used [0x00000000f1a80000,0x00000000f4780000,0x00000000f4780000)
  to   space 65024K, 0% used [0x00000000edb00000,0x00000000edb00000,0x00000000f1a80000)
 ParOldGen       total 154624K, used 111062K [0x00000000a0000000, 0x00000000a9700000, 0x00000000e0000000)
  object space 154624K, 71% used [0x00000000a0000000,0x00000000a6c75a88,0x00000000a9700000)
 Metaspace       used 65779K, capacity 68438K, committed 68608K, reserved 1107968K
  class space    used 8541K, capacity 9189K, committed 9216K, reserved 1048576K
Event: 109.660 GC heap after
Heap after GC invocations=25 (full 4):
 PSYoungGen      total 289280K, used 50272K [0x00000000e0000000, 0x00000000fa900000, 0x0000000100000000)
  eden space 224256K, 0% used [0x00000000e0000000,0x00000000e0000000,0x00000000edb00000)
  from space 65024K, 77% used [0x00000000edb00000,0x00000000f0c18000,0x00000000f1a80000)
  to   space 71168K, 0% used [0x00000000f6380000,0x00000000f6380000,0x00000000fa900000)
 ParOldGen       total 154624K, used 149867K [0x00000000a0000000, 0x00000000a9700000, 0x00000000e0000000)
  object space 154624K, 96% used [0x00000000a0000000,0x00000000a925acb8,0x00000000a9700000)
 Metaspace       used 65779K, capacity 68438K, committed 68608K, reserved 1107968K
  class space    used 8541K, capacity 9189K, committed 9216K, reserved 1048576K
}
Event: 109.660 GC heap before
{Heap before GC invocations=26 (full 5):
 PSYoungGen      total 289280K, used 50272K [0x00000000e0000000, 0x00000000fa900000, 0x0000000100000000)
  eden space 224256K, 0% used [0x00000000e0000000,0x00000000e0000000,0x00000000edb00000)
  from space 65024K, 77% used [0x00000000edb00000,0x00000000f0c18000,0x00000000f1a80000)
  to   space 71168K, 0% used [0x00000000f6380000,0x00000000f6380000,0x00000000fa900000)
 ParOldGen       total 154624K, used 149867K [0x00000000a0000000, 0x00000000a9700000, 0x00000000e0000000)
  object space 154624K, 96% used [0x00000000a0000000,0x00000000a925acb8,0x00000000a9700000)
 Metaspace       used 65779K, capacity 68438K, committed 68608K, reserved 1107968K
  class space    used 8541K, capacity 9189K, committed 9216K, reserved 1048576K
Event: 111.418 GC heap after
Heap after GC invocations=26 (full 5):
 PSYoungGen      total 289280K, used 17915K [0x00000000e0000000, 0x00000000fa900000, 0x0000000100000000)
  eden space 224256K, 0% used [0x00000000e0000000,0x00000000e0000000,0x00000000edb00000)
  from space 65024K, 27% used [0x00000000edb00000,0x00000000eec7ee90,0x00000000f1a80000)
  to   space 71168K, 0% used [0x00000000f6380000,0x00000000f6380000,0x00000000fa900000)
 ParOldGen       total 252928K, used 154217K [0x00000000a0000000, 0x00000000af700000, 0x00000000e0000000)
  object space 252928K, 60% used [0x00000000a0000000,0x00000000a969a4a0,0x00000000af700000)
 Metaspace       used 65779K, capacity 68438K, committed 68608K, reserved 1107968K
  class space    used 8541K, capacity 9189K, committed 9216K, reserved 1048576K
}
Event: 112.371 GC heap before
{Heap before GC invocations=27 (full 5):
 PSYoungGen      total 289280K, used 242171K [0x00000000e0000000, 0x00000000fa900000, 0x0000000100000000)
  eden space 224256K, 100% used [0x00000000e0000000,0x00000000edb00000,0x00000000edb00000)
  from space 65024K, 27% used [0x00000000edb00000,0x00000000eec7ee90,0x00000000f1a80000)
  to   space 71168K, 0% used [0x00000000f6380000,0x00000000f6380000,0x00000000fa900000)
 ParOldGen       total 252928K, used 154217K [0x00000000a0000000, 0x00000000af700000, 0x00000000e0000000)
  object space 252928K, 60% used [0x00000000a0000000,0x00000000a969a4a0,0x00000000af700000)
 Metaspace       used 65780K, capacity 68438K, committed 68608K, reserved 1107968K
  class space    used 8541K, capacity 9189K, committed 9216K, reserved 1048576K
Event: 112.586 GC heap after
Heap after GC invocations=27 (full 5):
 PSYoungGen      total 321024K, used 20896K [0x00000000e0000000, 0x00000000f9080000, 0x0000000100000000)
  eden space 274944K, 0% used [0x00000000e0000000,0x00000000e0000000,0x00000000f0c80000)
  from space 46080K, 45% used [0x00000000f6380000,0x00000000f77e8000,0x00000000f9080000)
  to   space 67584K, 0% used [0x00000000f0c80000,0x00000000f0c80000,0x00000000f4e80000)
 ParOldGen       total 252928K, used 170269K [0x00000000a0000000, 0x00000000af700000, 0x00000000e0000000)
  object space 252928K, 67% used [0x00000000a0000000,0x00000000aa6476b0,0x00000000af700000)
 Metaspace       used 65780K, capacity 68438K, committed 68608K, reserved 1107968K
  class space    used 8541K, capacity 9189K, committed 9216K, reserved 1048576K
}

Deoptimization events (10 events):
Event: 113.071 Thread 0x000000005894e800 Uncommon trap: reason=bimorphic action=maybe_recompile pc=0x0000000003dad0a8 method=proguard.classfile.util.SimplifiedVisitor.visitProgramMethod(Lproguard/classfile/ProgramClass;Lproguard/classfile/ProgramMethod;)V @ 3
Event: 113.071 Thread 0x000000005894e800 Uncommon trap: reason=bimorphic action=maybe_recompile pc=0x0000000003dad0a8 method=proguard.classfile.util.SimplifiedVisitor.visitProgramMethod(Lproguard/classfile/ProgramClass;Lproguard/classfile/ProgramMethod;)V @ 3
Event: 113.071 Thread 0x000000005894e800 Uncommon trap: reason=bimorphic action=maybe_recompile pc=0x000000000424ac74 method=proguard.classfile.util.SimplifiedVisitor.visitLineNumberTableAttribute(Lproguard/classfile/Clazz;Lproguard/classfile/Method;Lproguard/classfile/attribute/CodeAttribute;Lpr'È¯‹D\@
Event: 113.071 Thread 0x000000005894e800 Uncommon trap: reason=bimorphic action=maybe_recompile pc=0x000000000424ac74 method=proguard.classfile.util.SimplifiedVisitor.visitLineNumberTableAttribute(Lproguard/classfile/Clazz;Lproguard/classfile/Method;Lproguard/classfile/attribute/CodeAttribute;Lpryˆ¨ŒD\@
Event: 113.071 Thread 0x000000005894e800 Uncommon trap: reason=bimorphic action=maybe_recompile pc=0x000000000424ac74 method=proguard.classfile.util.SimplifiedVisitor.visitLineNumberTableAttribute(Lproguard/classfile/Clazz;Lproguard/classfile/Method;Lproguard/classfile/attribute/CodeAttribute;Lpr
Event: 113.071 Thread 0x000000005894e800 Uncommon trap: reason=bimorphic action=maybe_recompile pc=0x000000000424ac74 method=proguard.classfile.util.SimplifiedVisitor.visitLineNumberTableAttribute(Lproguard/classfile/Clazz;Lproguard/classfile/Method;Lproguard/classfile/attribute/CodeAttribute;Lpr
NþWH\@
Event: 113.130 Thread 0x000000005894e800 Uncommon trap: reason=bimorphic action=maybe_recompile pc=0x0000000004144bdc method=proguard.classfile.ProgramField.accept(Lproguard/classfile/ProgramClass;Lproguard/classfile/visitor/MemberVisitor;)V @ 3
Event: 113.130 Thread 0x000000005894e800 Uncommon trap: reason=bimorphic action=maybe_recompile pc=0x0000000004144bdc method=proguard.classfile.ProgramField.accept(Lproguard/classfile/ProgramClass;Lproguard/classfile/visitor/MemberVisitor;)V @ 3
Event: 113.130 Thread 0x000000005894e800 Uncommon trap: reason=bimorphic action=maybe_recompile pc=0x0000000004144bdc method=proguard.classfile.ProgramField.accept(Lproguard/classfile/ProgramClass;Lproguard/classfile/visitor/MemberVisitor;)V @ 3
Event: 113.130 Thread 0x000000005894e800 Uncommon trap: reason=bimorphic action=maybe_recompile pc=0x0000000004144bdc method=proguard.classfile.ProgramField.accept(Lproguard/classfile/ProgramClass;Lproguard/classfile/visitor/MemberVisitor;)V @ 3

Internal exceptions (10 events):
Event: 69.738 Thread 0x000000005894e800 Exception <a 'sun/nio/fs/WindowsException'> (0x00000000e7f80aa8) thrown at [C:\src\android\AOSP-openjdk\external\jetbrains\jdk\hotspot\src\share\vm\prims\jni.cpp, line 709]
Event: 69.738 Thread 0x000000005894e800 Exception <a 'sun/nio/fs/WindowsException'> (0x00000000e7f81708) thrown at [C:\src\android\AOSP-openjdk\external\jetbrains\jdk\hotspot\src\share\vm\prims\jni.cpp, line 709]
Event: 69.738 Thread 0x000000005894e800 Exception <a 'sun/nio/fs/WindowsException'> (0x00000000e7f83398) thrown at [C:\src\android\AOSP-openjdk\external\jetbrains\jdk\hotspot\src\share\vm\prims\jni.cpp, line 709]
Event: 69.738 Thread 0x000000005894e800 Exception <a 'sun/nio/fs/WindowsException'> (0x00000000e7f84038) thrown at [C:\src\android\AOSP-openjdk\external\jetbrains\jdk\hotspot\src\share\vm\prims\jni.cpp, line 709]
Event: 69.740 Thread 0x000000005894e800 Exception <a 'sun/nio/fs/WindowsException'> (0x00000000e7f89928) thrown at [C:\src\android\AOSP-openjdk\external\jetbrains\jdk\hotspot\src\share\vm\prims\jni.cpp, line 709]
Event: 69.740 Thread 0x000000005894e800 Exception <a 'sun/nio/fs/WindowsException'> (0x00000000e7f8a498) thrown at [C:\src\android\AOSP-openjdk\external\jetbrains\jdk\hotspot\src\share\vm\prims\jni.cpp, line 709]
Event: 69.740 Thread 0x000000005894e800 Exception <a 'sun/nio/fs/WindowsException'> (0x00000000e7f8c038) thrown at [C:\src\android\AOSP-openjdk\external\jetbrains\jdk\hotspot\src\share\vm\prims\jni.cpp, line 709]
Event: 69.740 Thread 0x000000005894e800 Exception <a 'sun/nio/fs/WindowsException'> (0x00000000e7f8cbe8) thrown at [C:\src\android\AOSP-openjdk\external\jetbrains\jdk\hotspot\src\share\vm\prims\jni.cpp, line 709]
Event: 69.930 Thread 0x000000005894e800 Implicit null exception at 0x0000000003f0690a to 0x0000000003f07511
Event: 106.239 Thread 0x0000000058752000 Exception <a 'java/lang/NoSuchMethodError': <clinit>> (0x00000000e2c5be68) thrown at [C:\src\android\AOSP-openjdk\external\jetbrains\jdk\hotspot\src\share\vm\prims\jni.cpp, line 1613]

Events (10 events):
Event: 113.130 Thread 0x000000005894e800 DEOPT UNPACKING pc=0x000000000267556a sp=0x0000000059e8baa8 mode 2
Event: 113.130 Thread 0x000000005894e800 Uncommon trap: trap_request=0xffffffc6 fr.pc=0x0000000004144bdc
Event: 113.130 Thread 0x000000005894e800 DEOPT PACKING pc=0x0000000004144bdc sp=0x0000000059e8baf0
Event: 113.130 Thread 0x000000005894e800 DEOPT UNPACKING pc=0x000000000267556a sp=0x0000000059e8baa8 mode 2
Event: 113.130 Thread 0x000000005894e800 Uncommon trap: trap_request=0xffffffc6 fr.pc=0x0000000004144bdc
Event: 113.130 Thread 0x000000005894e800 DEOPT PACKING pc=0x0000000004144bdc sp=0x0000000059e8baf0
Event: 113.130 Thread 0x000000005894e800 DEOPT UNPACKING pc=0x000000000267556a sp=0x0000000059e8baa8 mode 2
Event: 113.130 Thread 0x000000005894e800 Uncommon trap: trap_request=0xffffffc6 fr.pc=0x0000000004144bdc
Event: 113.130 Thread 0x000000005894e800 DEOPT PACKING pc=0x0000000004144bdc sp=0x0000000059e8baf0
Event: 113.130 Thread 0x000000005894e800 DEOPT UNPACKING pc=0x000000000267556a sp=0x0000000059e8baa8 mode 2


Dynamic libraries:
0x000000013f400000 - 0x000000013f431000 	C:\Program Files\Android\Android Studio\jre\bin\java.exe
0x0000000076d40000 - 0x0000000076ee9000 	C:\Windows\SYSTEM32\ntdll.dll
0x0000000076c20000 - 0x0000000076d3f000 	C:\Windows\system32\kernel32.dll
0x000007fefcff0000 - 0x000007fefd05b000 	C:\Windows\system32\KERNELBASE.dll
0x000007fefeb30000 - 0x000007fefec0b000 	C:\Windows\system32\ADVAPI32.dll
0x000007fefeea0000 - 0x000007fefef3f000 	C:\Windows\system32\msvcrt.dll
0x000007fefe800000 - 0x000007fefe81f000 	C:\Windows\SYSTEM32\sechost.dll
0x000007fefd390000 - 0x000007fefd4bd000 	C:\Windows\system32\RPCRT4.dll
0x0000000076b20000 - 0x0000000076c1a000 	C:\Windows\system32\USER32.dll
0x000007fefea00000 - 0x000007fefea67000 	C:\Windows\system32\GDI32.dll
0x000007fefec40000 - 0x000007fefec4e000 	C:\Windows\system32\LPK.dll
0x000007fefedd0000 - 0x000007fefee99000 	C:\Windows\system32\USP10.dll
0x000007fefb8e0000 - 0x000007fefbad4000 	C:\Windows\WinSxS\amd64_microsoft.windows.common-controls_6595b64144ccf1df_6.0.7601.17514_none_fa396087175ac9ac\COMCTL32.dll
0x000007fefd2c0000 - 0x000007fefd331000 	C:\Windows\system32\SHLWAPI.dll
0x000007fefec10000 - 0x000007fefec3e000 	C:\Windows\system32\IMM32.DLL
0x000007fefef40000 - 0x000007feff049000 	C:\Windows\system32\MSCTF.dll
0x00000000683c0000 - 0x0000000068492000 	C:\Program Files\Android\Android Studio\jre\jre\bin\msvcr100.dll
0x00000000632a0000 - 0x0000000063adc000 	C:\Program Files\Android\Android Studio\jre\jre\bin\server\jvm.dll
0x000007feefca0000 - 0x000007feefca9000 	C:\Windows\system32\WSOCK32.dll
0x000007fefd340000 - 0x000007fefd38d000 	C:\Windows\system32\WS2_32.dll
0x000007fefe5f0000 - 0x000007fefe5f8000 	C:\Windows\system32\NSI.dll
0x000007fefa990000 - 0x000007fefa9cb000 	C:\Windows\system32\WINMM.dll
0x000007fefbdd0000 - 0x000007fefbddc000 	C:\Windows\system32\VERSION.dll
0x0000000076f00000 - 0x0000000076f07000 	C:\Windows\system32\PSAPI.DLL
0x000007fefac40000 - 0x000007fefac4f000 	C:\Program Files\Android\Android Studio\jre\jre\bin\verify.dll
0x000007fef4630000 - 0x000007fef4659000 	C:\Program Files\Android\Android Studio\jre\jre\bin\java.dll
0x000007fefac20000 - 0x000007fefac36000 	C:\Program Files\Android\Android Studio\jre\jre\bin\zip.dll
0x000007fefd800000 - 0x000007fefe588000 	C:\Windows\system32\SHELL32.dll
0x000007fefd4c0000 - 0x000007fefd6c3000 	C:\Windows\system32\ole32.dll
0x000007fefcc90000 - 0x000007fefcc9f000 	C:\Windows\system32\profapi.dll
0x000007fef26e0000 - 0x000007fef26fa000 	C:\Program Files\Android\Android Studio\jre\jre\bin\net.dll
0x000007fefc4c0000 - 0x000007fefc515000 	C:\Windows\system32\mswsock.dll
0x000007fefc4b0000 - 0x000007fefc4b7000 	C:\Windows\System32\wship6.dll
0x000007fef26c0000 - 0x000007fef26d1000 	C:\Program Files\Android\Android Studio\jre\jre\bin\nio.dll
0x000007fefaca0000 - 0x000007fefacbe000 	C:\Users\DHAKA-CRIME\.gradle\native\23\windows-amd64\native-platform.dll
0x000007fefc520000 - 0x000007fefc537000 	C:\Windows\system32\CRYPTSP.dll
0x000007fefc220000 - 0x000007fefc267000 	C:\Windows\system32\rsaenh.dll
0x000007fefbfe0000 - 0x000007fefbffe000 	C:\Windows\system32\USERENV.dll
0x000007fefcbc0000 - 0x000007fefcbcf000 	C:\Windows\system32\CRYPTBASE.dll
0x000007fefa170000 - 0x000007fefa197000 	C:\Windows\system32\IPHLPAPI.DLL
0x000007fefa160000 - 0x000007fefa16b000 	C:\Windows\system32\WINNSI.DLL
0x000007fef9f50000 - 0x000007fef9f68000 	C:\Windows\system32\dhcpcsvc.DLL
0x000007fef9f30000 - 0x000007fef9f41000 	C:\Windows\system32\dhcpcsvc6.DLL
0x000007fefac50000 - 0x000007fefac5d000 	C:\Program Files\Android\Android Studio\jre\jre\bin\management.dll
0x000007fefcb20000 - 0x000007fefcb77000 	C:\Windows\system32\apphelp.dll
0x000007fef97b0000 - 0x000007fef98d5000 	C:\Windows\system32\dbghelp.dll

VM Arguments:
jvm_args: -Xmx1536m -Dfile.encoding=windows-1252 -Duser.country=US -Duser.language=en -Duser.variant 
java_command: org.gradle.launcher.daemon.bootstrap.GradleDaemon 3.3
java_class_path (initial): C:\Users\DHAKA-CRIME\.gradle\wrapper\dists\gradle-3.3-all\55gk2rcmfc6p2dg9u9ohc3hw9\gradle-3.3\lib\gradle-launcher-3.3.jar
Launcher Type: SUN_STANDARD

Environment Variables:
PATH=C:\Program Files\Microsoft MPI\Bin\;C:\Windows\system32;C:\Windows;C:\Windows\System32\Wbem;C:\Windows\System32\WindowsPowerShell\v1.0\;C:\Program Files (x86)\Skype\Phone\;C:\Program Files\dotnet\;C:\Program Files\Microsoft SQL Server\130\Tools\Binn\;C:\Program Files\PuTTY\;
USERNAME=DHAKA-CRIME
OS=Windows_NT
PROCESSOR_IDENTIFIER=Intel64 Family 6 Model 15 Stepping 13, GenuineIntel



---------------  S Y S T E M  ---------------

OS: Windows 7 , 64 bit Build 7601 (6.1.7601.18015)

CPU:total 2 (2 cores per cpu, 1 threads per core) family 6 model 15 stepping 13, cmov, cx8, fxsr, mmx, sse, sse2, sse3, ssse3, tsc

Memory: 4k page, physical 2882856k(241372k free), swap 8313936k(4739716k free)

vm_info: OpenJDK 64-Bit Server VM (25.112-b06) for windows-amd64 JRE (1.8.0_112-release-b06), built on Dec  8 2016 00:54:26 by "builder" with MS VC++ 10.0 (VS2010)

time: Tue Nov 14 03:05:04 2017
elapsed time: 113 seconds (0d 0h 1m 53s)

