#
# A fatal error has been detected by the Java Runtime Environment:
#
#  EXCEPTION_ACCESS_VIOLATION (0xc0000005) at pc=0xffffffffa3775120, pid=6152, tid=0x0000000000000a9c
#
# JRE version: OpenJDK Runtime Environment (8.0_112-b06) (build 1.8.0_112-release-b06)
# Java VM: OpenJDK 64-Bit Server VM (25.112-b06 mixed mode windows-amd64 compressed oops)
# Problematic frame:
# C  0xffffffffa3775120
#
# Failed to write core dump. Minidumps are not enabled by default on client versions of Windows
#
# If you would like to submit a bug report, please visit:
#   http://bugreport.java.com/bugreport/crash.jsp
#

---------------  T H R E A D  ---------------

Current thread (0x000000005a70c000):  JavaThread "Daemon worker Thread 2" [_thread_in_Java, id=2716, stack(0x0000000059720000,0x0000000059820000)]

siginfo: ExceptionCode=0xc0000005, ExceptionInformation=0x0000000000000008 0xffffffffa3775120

Registers:
RAX=0x0000000055672dc8, RBX=0x0000000055672dc8, RCX=0x0000000060f7faa8, RDX=0x00000000ec8c30d8
RSP=0x000000005981b638, RBP=0x000000005981b6a0, RSI=0x0000000000000005, RDI=0x00000000ece1f428
R8 =0x000000005981b660, R9 =0x00000000ec8c30d8, R10=0x000000005c268630, R11=0x00000000028d1760
R12=0x0000000000000000, R13=0x000000005981b648, R14=0x000000005981b6d8, R15=0x000000005a70c000
RIP=0xffffffffa3775120, EFLAGS=0x0000000000010202

Top of Stack: (sp=0x000000005981b638)
0x000000005981b638:   0000000002777b90 0000000002777b90
0x000000005981b648:   00000000ec8c30d8 00000000ec8c30d8
0x000000005981b658:   00000000ec8c30d8 000000005981b650
0x000000005981b668:   0000000060f7f818 000000005981b6d8
0x000000005981b678:   0000000060f7faa8 0000000000000000
0x000000005981b688:   0000000060f7f8f0 000000005981b648
0x000000005981b698:   000000005981b6d8 000000005981b720
0x000000005981b6a8:   0000000002777e00 0000000000000000
0x000000005981b6b8:   0000000000000000 0000000000000000
0x000000005981b6c8:   0000000000000000 00000000ec8c30d8
0x000000005981b6d8:   00000000ece1f5d0 000000005981b6e0
0x000000005981b6e8:   0000000060f7f759 000000005981b730
0x000000005981b6f8:   0000000060f7faa8 0000000000000000
0x000000005981b708:   0000000060f7f768 000000005981b6d8
0x000000005981b718:   000000005981b730 000000005981b778
0x000000005981b728:   0000000002777e00 00000000ece1f5d0 

Instructions: (pc=0xffffffffa3775120)
0xffffffffa3775100:   
[error occurred during error reporting (printing registers, top of stack, instructions near pc), id 0xc0000005]

Register to memory mapping:

RAX={method} {0x0000000055672dd0} 'access$400' '(Ljava/util/zip/ZipFile;)J' in 'java/util/zip/ZipFile'
RBX={method} {0x0000000055672dd0} 'access$400' '(Ljava/util/zip/ZipFile;)J' in 'java/util/zip/ZipFile'
RCX=0x0000000060f7faa8 is pointing into metadata
RDX=0x00000000ec8c30d8 is an oop
java.util.zip.ZipFile 
 - klass: 'java/util/zip/ZipFile'
RSP=0x000000005981b638 is pointing into the stack for thread: 0x000000005a70c000
RBP=0x000000005981b6a0 is pointing into the stack for thread: 0x000000005a70c000
RSI=0x0000000000000005 is an unknown value
RDI=0x00000000ece1f428 is an oop
java.util.Hashtable 
 - klass: 'java/util/Hashtable'
R8 =0x000000005981b660 is pointing into the stack for thread: 0x000000005a70c000
R9 =0x00000000ec8c30d8 is an oop
java.util.zip.ZipFile 
 - klass: 'java/util/zip/ZipFile'
R10=0x000000005c268630 is an unknown value
R11=0x00000000028d1760 is at entry_point+0 in (nmethod*)0x00000000028d1610
R12=0x0000000000000000 is an unknown value
R13=0x000000005981b648 is pointing into the stack for thread: 0x000000005a70c000
R14=0x000000005981b6d8 is pointing into the stack for thread: 0x000000005a70c000
R15=0x000000005a70c000 is a thread


Stack: [0x0000000059720000,0x0000000059820000],  sp=0x000000005981b638,  free space=1005k
Native frames: (J=compiled Java code, j=interpreted, Vv=VM code, C=native code)
C  0xffffffffa3775120


---------------  P R O C E S S  ---------------

Java Threads: ( => current thread )
  0x000000005ab7a000 JavaThread "pool-7-thread-2" [_thread_blocked, id=6964, stack(0x0000000060c40000,0x0000000060d40000)]
  0x000000005ab79000 JavaThread "pool-7-thread-1" [_thread_blocked, id=5960, stack(0x000000005e390000,0x000000005e490000)]
  0x000000005a70a800 JavaThread "Cache update executor" [_thread_blocked, id=6680, stack(0x000000005df10000,0x000000005e010000)]
  0x000000005a707800 JavaThread "Stdin handler" [_thread_blocked, id=1204, stack(0x000000005a270000,0x000000005a370000)]
  0x000000005a70b000 JavaThread "Asynchronous log dispatcher for DefaultDaemonConnection: socket connection from /127.0.0.1:53812 to /127.0.0.1:53874" [_thread_blocked, id=4244, stack(0x0000000059fc0000,0x000000005a0c0000)]
=>0x000000005a70c000 JavaThread "Daemon worker Thread 2" [_thread_in_Java, id=2716, stack(0x0000000059720000,0x0000000059820000)]
  0x000000005a709800 JavaThread "Cancel handler" [_thread_blocked, id=2372, stack(0x000000005a130000,0x000000005a230000)]
  0x000000005a709000 JavaThread "Handler for socket connection from /127.0.0.1:53812 to /127.0.0.1:53874" [_thread_in_native, id=3772, stack(0x0000000059b50000,0x0000000059c50000)]
  0x000000005a708000 JavaThread "Daemon Thread 2" [_thread_blocked, id=3636, stack(0x0000000059c50000,0x0000000059d50000)]
  0x000000005a706800 JavaThread "pool-2-thread-1" [_thread_blocked, id=1016, stack(0x000000005e010000,0x000000005e110000)]
  0x00000000591ed800 JavaThread "File lock request listener" [_thread_in_native, id=176, stack(0x0000000059d90000,0x0000000059e90000)]
  0x000000005869c800 JavaThread "pool-1-thread-1" [_thread_blocked, id=2100, stack(0x0000000059ec0000,0x0000000059fc0000)]
  0x00000000585da000 JavaThread "Incoming local TCP Connector on port 53812" [_thread_in_native, id=3684, stack(0x0000000059820000,0x0000000059920000)]
  0x00000000574b9800 JavaThread "Service Thread" daemon [_thread_blocked, id=3616, stack(0x0000000057920000,0x0000000057a20000)]
  0x0000000055e1b800 JavaThread "C1 CompilerThread1" daemon [_thread_blocked, id=4632, stack(0x00000000573b0000,0x00000000574b0000)]
  0x0000000055e11800 JavaThread "C2 CompilerThread0" daemon [_thread_blocked, id=4492, stack(0x0000000057240000,0x0000000057340000)]
  0x0000000055e22000 JavaThread "Attach Listener" daemon [_thread_blocked, id=6376, stack(0x0000000057090000,0x0000000057190000)]
  0x0000000055e20800 JavaThread "Signal Dispatcher" daemon [_thread_blocked, id=6340, stack(0x0000000056e60000,0x0000000056f60000)]
  0x0000000055dfc000 JavaThread "Finalizer" daemon [_thread_blocked, id=4016, stack(0x0000000056c70000,0x0000000056d70000)]
  0x0000000055db3000 JavaThread "Reference Handler" daemon [_thread_blocked, id=4284, stack(0x0000000056b00000,0x0000000056c00000)]
  0x000000000211d800 JavaThread "main" [_thread_blocked, id=4328, stack(0x00000000023a0000,0x00000000024a0000)]

Other Threads:
  0x0000000055dab000 VMThread [stack: 0x0000000056990000,0x0000000056a90000] [id=3628]
  0x00000000574c2000 WatcherThread [stack: 0x0000000057a90000,0x0000000057b90000] [id=6008]

VM state:not at safepoint (normal execution)

VM Mutex/Monitor currently owned by a thread: None

Heap:
 PSYoungGen      total 409088K, used 211483K [0x00000000e0000000, 0x0000000100000000, 0x0000000100000000)
  eden space 361472K, 58% used [0x00000000e0000000,0x00000000ece86ca0,0x00000000f6100000)
  from space 47616K, 0% used [0x00000000f6100000,0x00000000f6100000,0x00000000f8f80000)
  to   space 62464K, 0% used [0x00000000fc300000,0x00000000fc300000,0x0000000100000000)
 ParOldGen       total 177664K, used 105518K [0x00000000a0000000, 0x00000000aad80000, 0x00000000e0000000)
  object space 177664K, 59% used [0x00000000a0000000,0x00000000a670ba38,0x00000000aad80000)
 Metaspace       used 66592K, capacity 69168K, committed 69632K, reserved 1110016K
  class space    used 8494K, capacity 9091K, committed 9216K, reserved 1048576K

Card table byte_map: [0x0000000011b30000,0x0000000011e40000] byte_map_base: 0x0000000011630000

Marking Bits: (ParMarkBitMap*) 0x000000005c2818f0
 Begin Bits: [0x0000000012180000, 0x0000000013980000)
 End Bits:   [0x0000000013980000, 0x0000000015180000)

Polling page: 0x0000000000350000

CodeCache: size=245760Kb used=33316Kb max_used=33316Kb free=212443Kb
 bounds [0x0000000002770000, 0x0000000004830000, 0x0000000011770000]
 total_blobs=10930 nmethods=10148 adapters=695
 compilation: enabled

Compilation events (10 events):
Event: 251.034 Thread 0x0000000055e1b800 12758       3       java.util.zip.ZipFile::access$1000 (6 bytes)
Event: 251.034 Thread 0x0000000055e1b800 nmethod 12758 0x000000000481e090 code [0x000000000481e200, 0x000000000481e368]
Event: 251.034 Thread 0x0000000055e1b800 12756       1       java.util.zip.ZipFile::access$300 (5 bytes)
Event: 251.034 Thread 0x0000000055e1b800 nmethod 12756 0x000000000481ddd0 code [0x000000000481df20, 0x000000000481e010]
Event: 251.034 Thread 0x0000000055e1b800 12759       3       java.util.zip.ZipFile::access$200 (5 bytes)
Event: 251.034 Thread 0x0000000055e1b800 nmethod 12759 0x000000000481da50 code [0x000000000481dbc0, 0x000000000481dd28]
Event: 251.034 Thread 0x0000000055e1b800 12754       3       org.eclipse.jdt.internal.compiler.parser.Scanner::getCurrentIdentifierSource (142 bytes)
Event: 251.035 Thread 0x0000000055e1b800 nmethod 12754 0x000000000481cdd0 code [0x000000000481cfc0, 0x000000000481d898]
Event: 251.035 Thread 0x0000000055e1b800 12755       3       org.eclipse.jdt.internal.compiler.parser.Parser::pushIdentifier (190 bytes)
Event: 251.036 Thread 0x0000000055e1b800 nmethod 12755 0x000000000481f6d0 code [0x000000000481f8c0, 0x0000000004820288]

GC Heap History (10 events):
Event: 86.415 GC heap before
{Heap before GC invocations=16 (full 3):
 PSYoungGen      total 314368K, used 312120K [0x00000000e0000000, 0x00000000f5a80000, 0x0000000100000000)
  eden space 293376K, 100% used [0x00000000e0000000,0x00000000f1e80000,0x00000000f1e80000)
  from space 20992K, 89% used [0x00000000f4600000,0x00000000f584e1d0,0x00000000f5a80000)
  to   space 30720K, 0% used [0x00000000f1e80000,0x00000000f1e80000,0x00000000f3c80000)
 ParOldGen       total 78336K, used 43612K [0x00000000a0000000, 0x00000000a4c80000, 0x00000000e0000000)
  object space 78336K, 55% used [0x00000000a0000000,0x00000000a2a97230,0x00000000a4c80000)
 Metaspace       used 58433K, capacity 60922K, committed 61184K, reserved 1101824K
  class space    used 7770K, capacity 8344K, committed 8448K, reserved 1048576K
Event: 86.656 GC heap after
Heap after GC invocations=16 (full 3):
 PSYoungGen      total 324096K, used 30713K [0x00000000e0000000, 0x00000000fdb00000, 0x0000000100000000)
  eden space 293376K, 0% used [0x00000000e0000000,0x00000000e0000000,0x00000000f1e80000)
  from space 30720K, 99% used [0x00000000f1e80000,0x00000000f3c7e4f8,0x00000000f3c80000)
  to   space 50176K, 0% used [0x00000000faa00000,0x00000000faa00000,0x00000000fdb00000)
 ParOldGen       total 82944K, used 82426K [0x00000000a0000000, 0x00000000a5100000, 0x00000000e0000000)
  object space 82944K, 99% used [0x00000000a0000000,0x00000000a507e900,0x00000000a5100000)
 Metaspace       used 58433K, capacity 60922K, committed 61184K, reserved 1101824K
  class space    used 7770K, capacity 8344K, committed 8448K, reserved 1048576K
}
Event: 86.656 GC heap before
{Heap before GC invocations=17 (full 4):
 PSYoungGen      total 324096K, used 30713K [0x00000000e0000000, 0x00000000fdb00000, 0x0000000100000000)
  eden space 293376K, 0% used [0x00000000e0000000,0x00000000e0000000,0x00000000f1e80000)
  from space 30720K, 99% used [0x00000000f1e80000,0x00000000f3c7e4f8,0x00000000f3c80000)
  to   space 50176K, 0% used [0x00000000faa00000,0x00000000faa00000,0x00000000fdb00000)
 ParOldGen       total 82944K, used 82426K [0x00000000a0000000, 0x00000000a5100000, 0x00000000e0000000)
  object space 82944K, 99% used [0x00000000a0000000,0x00000000a507e900,0x00000000a5100000)
 Metaspace       used 58433K, capacity 60922K, committed 61184K, reserved 1101824K
  class space    used 7770K, capacity 8344K, committed 8448K, reserved 1048576K
Event: 87.936 GC heap after
Heap after GC invocations=17 (full 4):
 PSYoungGen      total 324096K, used 25959K [0x00000000e0000000, 0x00000000fdb00000, 0x0000000100000000)
  eden space 293376K, 0% used [0x00000000e0000000,0x00000000e0000000,0x00000000f1e80000)
  from space 30720K, 84% used [0x00000000f1e80000,0x00000000f37d9f98,0x00000000f3c80000)
  to   space 50176K, 0% used [0x00000000faa00000,0x00000000faa00000,0x00000000fdb00000)
 ParOldGen       total 139776K, used 82907K [0x00000000a0000000, 0x00000000a8880000, 0x00000000e0000000)
  object space 139776K, 59% used [0x00000000a0000000,0x00000000a50f6c60,0x00000000a8880000)
 Metaspace       used 58433K, capacity 60922K, committed 61184K, reserved 1101824K
  class space    used 7770K, capacity 8344K, committed 8448K, reserved 1048576K
}
Event: 130.166 GC heap before
{Heap before GC invocations=18 (full 4):
 PSYoungGen      total 324096K, used 319335K [0x00000000e0000000, 0x00000000fdb00000, 0x0000000100000000)
  eden space 293376K, 100% used [0x00000000e0000000,0x00000000f1e80000,0x00000000f1e80000)
  from space 30720K, 84% used [0x00000000f1e80000,0x00000000f37d9f98,0x00000000f3c80000)
  to   space 50176K, 0% used [0x00000000faa00000,0x00000000faa00000,0x00000000fdb00000)
 ParOldGen       total 139776K, used 82907K [0x00000000a0000000, 0x00000000a8880000, 0x00000000e0000000)
  object space 139776K, 59% used [0x00000000a0000000,0x00000000a50f6c60,0x00000000a8880000)
 Metaspace       used 59199K, capacity 61704K, committed 61952K, reserved 1103872K
  class space    used 7856K, capacity 8425K, committed 8448K, reserved 1048576K
Event: 130.326 GC heap after
Heap after GC invocations=18 (full 4):
 PSYoungGen      total 381952K, used 14106K [0x00000000e0000000, 0x00000000fbe00000, 0x0000000100000000)
  eden space 361472K, 0% used [0x00000000e0000000,0x00000000e0000000,0x00000000f6100000)
  from space 20480K, 68% used [0x00000000faa00000,0x00000000fb7c69f8,0x00000000fbe00000)
  to   space 47616K, 0% used [0x00000000f6100000,0x00000000f6100000,0x00000000f8f80000)
 ParOldGen       total 139776K, used 108335K [0x00000000a0000000, 0x00000000a8880000, 0x00000000e0000000)
  object space 139776K, 77% used [0x00000000a0000000,0x00000000a69cbcd8,0x00000000a8880000)
 Metaspace       used 59199K, capacity 61704K, committed 61952K, reserved 1103872K
  class space    used 7856K, capacity 8425K, committed 8448K, reserved 1048576K
}
Event: 215.540 GC heap before
{Heap before GC invocations=19 (full 4):
 PSYoungGen      total 381952K, used 375578K [0x00000000e0000000, 0x00000000fbe00000, 0x0000000100000000)
  eden space 361472K, 100% used [0x00000000e0000000,0x00000000f6100000,0x00000000f6100000)
  from space 20480K, 68% used [0x00000000faa00000,0x00000000fb7c69f8,0x00000000fbe00000)
  to   space 47616K, 0% used [0x00000000f6100000,0x00000000f6100000,0x00000000f8f80000)
 ParOldGen       total 139776K, used 108335K [0x00000000a0000000, 0x00000000a8880000, 0x00000000e0000000)
  object space 139776K, 77% used [0x00000000a0000000,0x00000000a69cbcd8,0x00000000a8880000)
 Metaspace       used 59909K, capacity 62530K, committed 62592K, reserved 1103872K
  class space    used 7900K, capacity 8528K, committed 8576K, reserved 1048576K
Event: 215.773 GC heap after
Heap after GC invocations=19 (full 4):
 PSYoungGen      total 409088K, used 47592K [0x00000000e0000000, 0x0000000100000000, 0x0000000100000000)
  eden space 361472K, 0% used [0x00000000e0000000,0x00000000e0000000,0x00000000f6100000)
  from space 47616K, 99% used [0x00000000f6100000,0x00000000f8f7a080,0x00000000f8f80000)
  to   space 62464K, 0% used [0x00000000fc300000,0x00000000fc300000,0x0000000100000000)
 ParOldGen       total 139776K, used 127185K [0x00000000a0000000, 0x00000000a8880000, 0x00000000e0000000)
  object space 139776K, 90% used [0x00000000a0000000,0x00000000a7c345f0,0x00000000a8880000)
 Metaspace       used 59909K, capacity 62530K, committed 62592K, reserved 1103872K
  class space    used 7900K, capacity 8528K, committed 8576K, reserved 1048576K
}
Event: 215.773 GC heap before
{Heap before GC invocations=20 (full 5):
 PSYoungGen      total 409088K, used 47592K [0x00000000e0000000, 0x0000000100000000, 0x0000000100000000)
  eden space 361472K, 0% used [0x00000000e0000000,0x00000000e0000000,0x00000000f6100000)
  from space 47616K, 99% used [0x00000000f6100000,0x00000000f8f7a080,0x00000000f8f80000)
  to   space 62464K, 0% used [0x00000000fc300000,0x00000000fc300000,0x0000000100000000)
 ParOldGen       total 139776K, used 127185K [0x00000000a0000000, 0x00000000a8880000, 0x00000000e0000000)
  object space 139776K, 90% used [0x00000000a0000000,0x00000000a7c345f0,0x00000000a8880000)
 Metaspace       used 59909K, capacity 62530K, committed 62592K, reserved 1103872K
  class space    used 7900K, capacity 8528K, committed 8576K, reserved 1048576K
Event: 216.695 GC heap after
Heap after GC invocations=20 (full 5):
 PSYoungGen      total 409088K, used 0K [0x00000000e0000000, 0x0000000100000000, 0x0000000100000000)
  eden space 361472K, 0% used [0x00000000e0000000,0x00000000e0000000,0x00000000f6100000)
  from space 47616K, 0% used [0x00000000f6100000,0x00000000f6100000,0x00000000f8f80000)
  to   space 62464K, 0% used [0x00000000fc300000,0x00000000fc300000,0x0000000100000000)
 ParOldGen       total 177664K, used 105518K [0x00000000a0000000, 0x00000000aad80000, 0x00000000e0000000)
  object space 177664K, 59% used [0x00000000a0000000,0x00000000a670ba38,0x00000000aad80000)
 Metaspace       used 59909K, capacity 62530K, committed 62592K, reserved 1103872K
  class space    used 7900K, capacity 8528K, committed 8576K, reserved 1048576K
}

Deoptimization events (10 events):
Event: 246.850 Thread 0x000000005a70c000 Uncommon trap: reason=unstable_if action=reinterpret pc=0x0000000004637058 method=com.sun.org.apache.xerces.internal.impl.XMLNSDocumentScannerImpl.scanStartElement()Z @ 688
Event: 246.875 Thread 0x000000005a70c000 Uncommon trap: reason=unstable_if action=reinterpret pc=0x00000000041e382c method=com.sun.org.apache.xerces.internal.impl.XMLEntityScanner.scanQName(Lcom/sun/org/apache/xerces/internal/xni/QName;)Z @ 388
Event: 247.403 Thread 0x000000005a70c000 Uncommon trap: reason=unstable_if action=reinterpret pc=0x000000000421b0fc method=com.sun.org.apache.xerces.internal.util.NamespaceSupport.pushContext()V @ 11
Event: 247.505 Thread 0x000000005a70c000 Uncommon trap: reason=unstable_if action=reinterpret pc=0x0000000003a8e754 method=com.google.common.base.Objects.equal(Ljava/lang/Object;Ljava/lang/Object;)Z @ 14
Event: 247.572 Thread 0x000000005a70c000 Uncommon trap: reason=class_check action=maybe_recompile pc=0x00000000044df7b4 method=com.sun.org.apache.xerces.internal.impl.dtd.XMLDTDValidator.handleStartElement(Lcom/sun/org/apache/xerces/internal/xni/QName;Lcom/sun/org/apache/xerces/internal/xni/XMLAt“ý	éPòn@
Event: 247.572 Thread 0x000000005a70c000 Uncommon trap: reason=class_check action=maybe_recompile pc=0x00000000044df7b4 method=com.sun.org.apache.xerces.internal.impl.dtd.XMLDTDValidator.handleStartElement(Lcom/sun/org/apache/xerces/internal/xni/QName;Lcom/sun/org/apache/xerces/internal/xni/XMLAt
Event: 247.573 Thread 0x000000005a70c000 Uncommon trap: reason=class_check action=maybe_recompile pc=0x00000000044df7b4 method=com.sun.org.apache.xerces.internal.impl.dtd.XMLDTDValidator.handleStartElement(Lcom/sun/org/apache/xerces/internal/xni/QName;Lcom/sun/org/apache/xerces/internal/xni/XMLAt
Event: 247.573 Thread 0x000000005a70c000 Uncommon trap: reason=class_check action=maybe_recompile pc=0x00000000044df7b4 method=com.sun.org.apache.xerces.internal.impl.dtd.XMLDTDValidator.handleStartElement(Lcom/sun/org/apache/xerces/internal/xni/QName;Lcom/sun/org/apache/xerces/internal/xni/XMLAtx]d§ÄZo@
Event: 250.837 Thread 0x000000005a70c000 Uncommon trap: reason=predicate action=maybe_recompile pc=0x000000000463b00c method=java.util.Properties.load0(Ljava/util/Properties$LineReader;)V @ 15
Event: 250.837 Thread 0x000000005a70c000 Uncommon trap: reason=unstable_if action=reinterpret pc=0x0000000003c96d80 method=java.util.Properties.loadConvert([CII[C)Ljava/lang/String; @ 445

Internal exceptions (10 events):
Event: 201.042 Thread 0x000000005a70c000 Exception <a 'sun/nio/fs/WindowsException'> (0x00000000e61b5e38) thrown at [C:\src\android\AOSP-openjdk\external\jetbrains\jdk\hotspot\src\share\vm\prims\jni.cpp, line 709]
Event: 201.042 Thread 0x000000005a70c000 Exception <a 'sun/nio/fs/WindowsException'> (0x00000000e61b69a8) thrown at [C:\src\android\AOSP-openjdk\external\jetbrains\jdk\hotspot\src\share\vm\prims\jni.cpp, line 709]
Event: 201.043 Thread 0x000000005a70c000 Exception <a 'sun/nio/fs/WindowsException'> (0x00000000e61b8548) thrown at [C:\src\android\AOSP-openjdk\external\jetbrains\jdk\hotspot\src\share\vm\prims\jni.cpp, line 709]
Event: 201.043 Thread 0x000000005a70c000 Exception <a 'sun/nio/fs/WindowsException'> (0x00000000e61b90f8) thrown at [C:\src\android\AOSP-openjdk\external\jetbrains\jdk\hotspot\src\share\vm\prims\jni.cpp, line 709]
Event: 211.307 Thread 0x000000005a70c000 Implicit null exception at 0x00000000028cd98e to 0x00000000028cdb11
Event: 211.314 Thread 0x000000005a70c000 Implicit null exception at 0x00000000044f20d7 to 0x00000000044f3279
Event: 211.339 Thread 0x000000005a70c000 Implicit null exception at 0x0000000004254238 to 0x0000000004255db9
Event: 215.418 Thread 0x000000005a70c000 Implicit null exception at 0x0000000004616b28 to 0x0000000004617377
Event: 216.796 Thread 0x000000005a70a800 Implicit null exception at 0x000000000457e2d2 to 0x000000000457f3e1
Event: 250.979 Thread 0x000000005a70c000 Exception <a 'java/lang/ArrayIndexOutOfBoundsException'> (0x00000000ecda4170) thrown at [C:\src\android\AOSP-openjdk\external\jetbrains\jdk\hotspot\src\share\vm\runtime\sharedRuntime.cpp, line 605]

Events (10 events):
Event: 250.996 loading class org/eclipse/jdt/internal/compiler/lookup/ImportBinding
Event: 250.996 loading class org/eclipse/jdt/internal/compiler/lookup/ImportBinding done
Event: 250.997 loading class org/eclipse/jdt/internal/compiler/lookup/ImportConflictBinding
Event: 250.997 loading class org/eclipse/jdt/internal/compiler/lookup/ImportConflictBinding done
Event: 250.999 loading class org/eclipse/jdt/internal/compiler/lookup/Scope$Substitutor
Event: 251.000 loading class org/eclipse/jdt/internal/compiler/lookup/Scope$Substitutor done
Event: 251.001 loading class org/eclipse/jdt/internal/compiler/env/INameEnvironmentExtension
Event: 251.001 loading class org/eclipse/jdt/internal/compiler/env/INameEnvironmentExtension done
Event: 251.004 loading class java/util/zip/ZipFile$ZipEntryIterator
Event: 251.030 loading class java/util/zip/ZipFile$ZipEntryIterator done


Dynamic libraries:
0x000000013fe40000 - 0x000000013fe71000 	C:\Program Files\Android\Android Studio\jre\bin\java.exe
0x0000000077c10000 - 0x0000000077db9000 	C:\Windows\SYSTEM32\ntdll.dll
0x000007fef1590000 - 0x000007fef15c4000 	C:\Program Files\AVAST Software\Avast\x64\aswhooka.dll
0x00000000779f0000 - 0x0000000077b0f000 	C:\Windows\system32\kernel32.dll
0x000007fefde80000 - 0x000007fefdeeb000 	C:\Windows\system32\KERNELBASE.dll
0x000007feffd10000 - 0x000007feffdeb000 	C:\Windows\system32\ADVAPI32.dll
0x000007fefee50000 - 0x000007fefeeef000 	C:\Windows\system32\msvcrt.dll
0x000007feff260000 - 0x000007feff27f000 	C:\Windows\SYSTEM32\sechost.dll
0x000007feff460000 - 0x000007feff58d000 	C:\Windows\system32\RPCRT4.dll
0x0000000077b10000 - 0x0000000077c0a000 	C:\Windows\system32\USER32.dll
0x000007feff3a0000 - 0x000007feff407000 	C:\Windows\system32\GDI32.dll
0x000007fefee40000 - 0x000007fefee4e000 	C:\Windows\system32\LPK.dll
0x000007feff150000 - 0x000007feff219000 	C:\Windows\system32\USP10.dll
0x000007fefc610000 - 0x000007fefc804000 	C:\Windows\WinSxS\amd64_microsoft.windows.common-controls_6595b64144ccf1df_6.0.7601.17514_none_fa396087175ac9ac\COMCTL32.dll
0x000007feffa80000 - 0x000007feffaf1000 	C:\Windows\system32\SHLWAPI.dll
0x000007feff230000 - 0x000007feff25e000 	C:\Windows\system32\IMM32.DLL
0x000007feffdf0000 - 0x000007feffef9000 	C:\Windows\system32\MSCTF.dll
0x000000006f6a0000 - 0x000000006f772000 	C:\Program Files\Android\Android Studio\jre\jre\bin\msvcr100.dll
0x000000005bac0000 - 0x000000005c2fc000 	C:\Program Files\Android\Android Studio\jre\jre\bin\server\jvm.dll
0x000007fefb450000 - 0x000007fefb459000 	C:\Windows\system32\WSOCK32.dll
0x000007feff410000 - 0x000007feff45d000 	C:\Windows\system32\WS2_32.dll
0x000007feff220000 - 0x000007feff228000 	C:\Windows\system32\NSI.dll
0x000007fefbd10000 - 0x000007fefbd4b000 	C:\Windows\system32\WINMM.dll
0x000007fefcca0000 - 0x000007fefccac000 	C:\Windows\system32\VERSION.dll
0x0000000077dd0000 - 0x0000000077dd7000 	C:\Windows\system32\PSAPI.DLL
0x000007fefc5e0000 - 0x000007fefc5ef000 	C:\Program Files\Android\Android Studio\jre\jre\bin\verify.dll
0x000007fefb330000 - 0x000007fefb359000 	C:\Program Files\Android\Android Studio\jre\jre\bin\java.dll
0x000007fefb390000 - 0x000007fefb3a6000 	C:\Program Files\Android\Android Studio\jre\jre\bin\zip.dll
0x000007fefdfd0000 - 0x000007fefed58000 	C:\Windows\system32\SHELL32.dll
0x000007feffb00000 - 0x000007feffd03000 	C:\Windows\system32\ole32.dll
0x000007fefdb60000 - 0x000007fefdb6f000 	C:\Windows\system32\profapi.dll
0x000007fefb310000 - 0x000007fefb32a000 	C:\Program Files\Android\Android Studio\jre\jre\bin\net.dll
0x000007fefd390000 - 0x000007fefd3e5000 	C:\Windows\system32\mswsock.dll
0x000007fefd380000 - 0x000007fefd387000 	C:\Windows\System32\wship6.dll
0x000007fef36c0000 - 0x000007fef36d1000 	C:\Program Files\Android\Android Studio\jre\jre\bin\nio.dll
0x000007fefb3f0000 - 0x000007fefb40e000 	C:\Users\DHAKA-CRIME\.gradle\native\23\windows-amd64\native-platform.dll
0x000007fefd3f0000 - 0x000007fefd407000 	C:\Windows\system32\CRYPTSP.dll
0x000007fefd0f0000 - 0x000007fefd137000 	C:\Windows\system32\rsaenh.dll
0x000007fefceb0000 - 0x000007fefcece000 	C:\Windows\system32\USERENV.dll
0x000007fefda50000 - 0x000007fefda5f000 	C:\Windows\system32\CRYPTBASE.dll
0x000007fefa700000 - 0x000007fefa727000 	C:\Windows\system32\IPHLPAPI.DLL
0x000007fefa6f0000 - 0x000007fefa6fb000 	C:\Windows\system32\WINNSI.DLL
0x000007fefa440000 - 0x000007fefa458000 	C:\Windows\system32\dhcpcsvc.DLL
0x000007fefa460000 - 0x000007fefa471000 	C:\Windows\system32\dhcpcsvc6.DLL
0x000007fefb380000 - 0x000007fefb38d000 	C:\Program Files\Android\Android Studio\jre\jre\bin\management.dll
0x000007fefd9f0000 - 0x000007fefda47000 	C:\Windows\system32\apphelp.dll
0x000007fef9130000 - 0x000007fef9255000 	C:\Windows\system32\dbghelp.dll

VM Arguments:
jvm_args: -Xmx1536m -Dfile.encoding=windows-1252 -Duser.country=US -Duser.language=en -Duser.variant 
java_command: org.gradle.launcher.daemon.bootstrap.GradleDaemon 3.3
java_class_path (initial): C:\Users\DHAKA-CRIME\.gradle\wrapper\dists\gradle-3.3-all\55gk2rcmfc6p2dg9u9ohc3hw9\gradle-3.3\lib\gradle-launcher-3.3.jar
Launcher Type: SUN_STANDARD

Environment Variables:
PATH=C:\Program Files\Microsoft MPI\Bin\;C:\Windows\system32;C:\Windows;C:\Windows\System32\Wbem;C:\Windows\System32\WindowsPowerShell\v1.0\;C:\Program Files (x86)\Skype\Phone\;C:\Program Files\dotnet\;C:\Program Files\Microsoft SQL Server\130\Tools\Binn\;C:\Program Files\PuTTY\;
USERNAME=DHAKA-CRIME
OS=Windows_NT
PROCESSOR_IDENTIFIER=Intel64 Family 6 Model 15 Stepping 13, GenuineIntel



---------------  S Y S T E M  ---------------

OS: Windows 7 , 64 bit Build 7601 (6.1.7601.18015)

CPU:total 2 (2 cores per cpu, 1 threads per core) family 6 model 15 stepping 13, cmov, cx8, fxsr, mmx, sse, sse2, sse3, ssse3, tsc

Memory: 4k page, physical 2882856k(322736k free), swap 5763848k(2470804k free)

vm_info: OpenJDK 64-Bit Server VM (25.112-b06) for windows-amd64 JRE (1.8.0_112-release-b06), built on Dec  8 2016 00:54:26 by "builder" with MS VC++ 10.0 (VS2010)

time: Thu Nov 16 03:21:26 2017
elapsed time: 251 seconds (0d 0h 4m 11s)

